2025-07-12 13:15:35,337 - __main__ - INFO - Starting telematics processing pipeline
2025-07-12 13:15:35,338 - data_loader - INFO - Found 0 JSON files in data/raw
2025-07-12 13:15:35,338 - __main__ - WARNING - No trips were successfully processed
2025-07-12 13:16:10,031 - __main__ - INFO - Starting telematics processing pipeline
2025-07-12 13:16:10,031 - data_loader - INFO - Found 1 JSON files in data/raw
2025-07-12 13:16:10,048 - __main__ - INFO - Processing batch of 1 trips
2025-07-12 13:16:10,051 - preprocess - ERROR - Error processing trip trip_20250706_0800: 'speed_mph'
2025-07-12 13:16:10,051 - preprocess - INFO - Processed 0/1 trips successfully
2025-07-12 13:16:10,051 - __main__ - WARNING - No trips were successfully processed
2025-07-12 13:51:14,553 - __main__ - INFO - Starting telematics processing pipeline
2025-07-12 13:51:14,554 - data_loader - INFO - Found 9 JSON files in data/raw
2025-07-12 13:51:14,657 - __main__ - INFO - Processing batch of 9 trips
2025-07-12 13:51:14,660 - preprocess - ERROR - Error processing trip trip_20250706_0800: 'speed_mph'
2025-07-12 13:51:14,660 - preprocess - ERROR - Error processing trip trip_20250706_0800: 'gps_accuracy_meters'
2025-07-12 13:51:14,661 - preprocess - ERROR - Error processing trip trip_001: 'gps_accuracy_meters'
2025-07-12 13:51:14,678 - preprocess - ERROR - Error processing trip batch_trips_same_driver: 'gps_accuracy_meters'
2025-07-12 13:51:14,686 - preprocess - INFO - Processed 5/9 trips successfully
2025-07-12 13:51:14,689 - data_loader - INFO - Saved 5 trips to data/processed/all_processed_trips.csv
2025-07-12 13:51:14,689 - __main__ - INFO - Pipeline completed successfully. Processed 5 trips
2025-07-12 13:56:49,891 - __main__ - INFO - Starting telematics processing pipeline
2025-07-12 13:56:49,892 - data_loader - INFO - Found 9 JSON files in data/raw
2025-07-12 13:56:50,026 - __main__ - INFO - Processing batch of 11 trips
2025-07-12 13:56:50,029 - preprocess - WARNING - Trip trip_20250706_0800 validation failed: ['Trip too short: 0.1 minutes']
2025-07-12 13:56:50,029 - preprocess - WARNING - Trip trip_20250706_0800 validation failed: ['Incomplete data: 0.0%', 'Trip too short: 0.0 minutes']
2025-07-12 13:56:50,030 - preprocess - WARNING - Trip trip_001 validation failed: ['Trip too short: 0.1 minutes']
2025-07-12 13:56:50,062 - preprocess - INFO - Processed 8/11 trips successfully
2025-07-12 13:56:50,064 - data_loader - INFO - Saved 8 trips to data/processed/all_processed_trips.csv
2025-07-12 13:56:50,065 - __main__ - INFO - Pipeline completed successfully. Processed 8 trips
2025-07-12 15:59:16,105 - __main__ - INFO - Starting telematics processing pipeline
2025-07-12 15:59:16,106 - data_loader - INFO - Found 9 JSON files in data/raw
2025-07-12 15:59:16,224 - __main__ - INFO - Processing batch of 11 trips
2025-07-12 15:59:16,228 - preprocess - WARNING - Trip trip_20250706_0800 validation failed: ['Trip too short: 0.1 minutes']
2025-07-12 15:59:16,228 - preprocess - WARNING - Trip trip_20250706_0800 validation failed: ['Incomplete data: 0.0%', 'Trip too short: 0.0 minutes']
2025-07-12 15:59:16,228 - preprocess - WARNING - Trip trip_001 validation failed: ['Trip too short: 0.1 minutes']
2025-07-12 15:59:16,259 - preprocess - INFO - Processed 8/11 trips successfully
2025-07-12 15:59:16,261 - data_loader - INFO - Saved 8 trips to data/processed/all_processed_trips.csv
2025-07-12 15:59:16,261 - __main__ - INFO - Pipeline completed successfully. Processed 8 trips
